2025-05-29 18:05:52,857 - INFO - Запуск приложения, лог-файл: ./logs/logs_server/app_2025-05-29_18-05-52.log
2025-05-29 18:05:52,865 - INFO - [31m[1mWARNING: This is a development server. Do not use it in a production deployment. Use a production WSGI server instead.[0m
 * Running on all addresses (0.0.0.0)
 * Running on http://127.0.0.1:5001
 * Running on http://10.182.64.203:5001
2025-05-29 18:05:52,865 - INFO - [33mPress CTRL+C to quit[0m
2025-05-29 18:05:53,962 - INFO - Получен запрос на поиск маршрута: {'start_lat': 55.810208, 'start_lon': 37.498321, 'target_lat': 55.739727, 'target_lon': 37.408067}
2025-05-29 18:05:53,963 - INFO - Загрузка графа для координат: (55.810208, 37.498321) -> (55.739727, 37.408067)
2025-05-29 18:06:27,700 - INFO - Подготовка данных графа
2025-05-29 18:06:27,820 - INFO - Q-таблица загружена из файла
2025-05-29 18:06:27,820 - INFO - Тестирование агента
2025-05-29 18:06:27,820 - INFO - Тестирование завершено, маршрут найден
2025-05-29 18:06:27,820 - INFO - Визуализация маршрута
2025-05-29 18:06:30,756 - INFO - Маршрут найден и изображение сохранено.
2025-05-29 18:06:30,756 - INFO - Маршрут успешно найден, длина: 12120.473842665211 метров
2025-05-29 18:06:30,759 - INFO - 127.0.0.1 - - [29/May/2025 18:06:30] "POST /find_route HTTP/1.1" 200 -
2025-05-29 18:11:29,500 - INFO - Получен запрос на поиск маршрута: {'start_lat': 55.810208, 'start_lon': 37.498321, 'target_lat': 55.739727, 'target_lon': 37.408067}
2025-05-29 18:11:29,502 - INFO - Загрузка графа для координат: (55.810208, 37.498321) -> (55.739727, 37.408067)
2025-05-29 18:12:04,141 - INFO - Подготовка данных графа
2025-05-29 18:12:04,209 - INFO - Q-таблица не найдена, обучение агента.
2025-05-29 18:12:04,209 - INFO - Начало обучения агента
2025-05-29 18:12:07,682 - INFO - Обучение агента завершено
2025-05-29 18:12:07,683 - INFO - Тестирование агента
2025-05-29 18:12:07,683 - INFO - Тестирование завершено, маршрут найден
2025-05-29 18:12:07,683 - INFO - Визуализация маршрута
2025-05-29 18:12:10,613 - INFO - Маршрут найден и изображение сохранено.
2025-05-29 18:12:10,613 - INFO - Маршрут успешно найден, длина: 12120.473842665211 метров
2025-05-29 18:12:10,616 - INFO - 127.0.0.1 - - [29/May/2025 18:12:10] "POST /find_route HTTP/1.1" 200 -
2025-05-29 18:13:30,622 - INFO - Получен запрос на поиск маршрута: {'start_lat': 55.810208, 'start_lon': 37.598321, 'target_lat': 55.739727, 'target_lon': 37.408067}
2025-05-29 18:13:30,624 - INFO - Загрузка графа для координат: (55.810208, 37.598321) -> (55.739727, 37.408067)
2025-05-29 18:14:31,234 - INFO - Подготовка данных графа
2025-05-29 18:14:31,785 - WARNING - Загруженная Q-таблица несовместима с текущим графом. Переобучение агента.
2025-05-29 18:14:31,785 - INFO - Начало обучения агента
2025-05-29 18:14:41,648 - INFO - Обучение агента завершено
2025-05-29 18:14:41,648 - INFO - Тестирование агента
2025-05-29 18:14:41,649 - INFO - Тестирование завершено, маршрут найден
2025-05-29 18:14:41,649 - INFO - Визуализация маршрута
2025-05-29 18:14:46,724 - INFO - Маршрут найден и изображение сохранено.
2025-05-29 18:14:46,724 - INFO - Маршрут успешно найден, длина: 20116.48195013274 метров
2025-05-29 18:14:46,730 - INFO - 127.0.0.1 - - [29/May/2025 18:14:46] "POST /find_route HTTP/1.1" 200 -
